[2025-12-27 19:21:30] [INFO] DB保存成功 - Email: cre***
[2025-12-27 19:21:30] [INFO] メール送信成功: info@speedixweb.site
[2025-12-27 19:21:30] [INFO] メール送信成功: creative.yis@gmail.com
[2025-12-27 19:29:29] [INFO] DB保存成功 - Email: alt***
[2025-12-27 19:29:50] [INFO] DB保存成功 - Email: alt***
[2025-12-27 19:34:02] [INFO] DB保存成功 - Email: alt***
[2025-12-27 19:34:02] [INFO] メール送信成功: info@speedixweb.site
[2025-12-27 19:34:02] [INFO] メール送信成功: altocodesign@gmail.com
[2025-12-27 21:42:46] [ERROR] DB保存エラー: SQLSTATE[42S22]: Column not found: 1054 Unknown column 'company_name' in 'field list'
[2025-12-27 21:42:46] [ERROR] 送信処理エラー: データの保存に失敗しました
[2025-12-27 21:53:39] [ERROR] DB保存エラー: SQLSTATE[42S22]: Column not found: 1054 Unknown column 'company_name' in 'field list'
[2025-12-27 21:53:39] [ERROR] 送信処理エラー: データの保存に失敗しました
[2025-12-27 21:57:51] [ERROR] DB保存エラー: SQLSTATE[42S22]: Column not found: 1054 Unknown column 'company_name' in 'field list'
[2025-12-27 21:57:51] [ERROR] 送信処理エラー: データの保存に失敗しました
[2025-12-27 21:58:30] [ERROR] DB保存エラー: SQLSTATE[42S22]: Column not found: 1054 Unknown column 'company_name' in 'field list'
[2025-12-27 21:58:30] [ERROR] 送信処理エラー: データの保存に失敗しました
[2025-12-27 22:04:11] [INFO] DB保存成功 - Email: alt***
[2025-12-27 22:04:11] [INFO] メール送信成功: info@speedixweb.site
[2025-12-27 22:04:11] [INFO] メール送信成功: altocodesign@gmail.com
[2025-12-27 22:13:17] [INFO] document_file_url raw: https://drive.google.com/drive/folders/166JeWW29tJ0b9UgcyjdYkcoIKn1QR98u
[2025-12-27 22:13:17] [INFO] document_file_url trimmed: https://drive.google.com/drive/folders/166JeWW29tJ0b9UgcyjdYkcoIKn1QR98u
[2025-12-27 22:13:17] [INFO] DB保存成功 - Email: alt***
[2025-12-27 22:13:17] [INFO] メール送信成功: info@speedixweb.site
[2025-12-27 22:13:17] [INFO] メール送信成功: altocodesign@gmail.com
[2025-12-27 22:36:10] [INFO] DB保存成功 - Email: alt***
[2025-12-27 22:42:25] [INFO] DB保存成功 - Email: alt***
[2025-12-27 22:42:25] [INFO] 管理者メール送信成功
[2025-12-27 22:49:39] [INFO] DB保存成功 - Email: alt***
[2025-12-27 22:49:39] [INFO] 管理者メール送信成功
